<!DOCTYPE html PUBLIC "-//W3C//DTD XHTML 1.1//EN" "http://www.w3.org/TR/xhtml11/DTD/xhtml11.dtd">
<html xmlns="http://www.w3.org/1999/xhtml"><head><title>TestNG Report</title><style type="text/css">table {margin-bottom:10px;border-collapse:collapse;empty-cells:show}th,td {border:1px solid #009;padding:.25em .5em}th {vertical-align:bottom}td {vertical-align:top}table a {font-weight:bold}.stripe td {background-color: #E6EBF9}.num {text-align:right}.passedodd td {background-color: #3F3}.passedeven td {background-color: #0A0}.skippedodd td {background-color: #DDD}.skippedeven td {background-color: #CCC}.failedodd td,.attn {background-color: #F33}.failedeven td,.stripe .attn {background-color: #D00}.stacktrace {white-space:pre;font-family:monospace}.totop {font-size:85%;text-align:center;border-bottom:2px solid #000}</style></head><body><table><tr><th>Test</th><th># Passed</th><th># Skipped</th><th># Failed</th><th>Time (ms)</th><th>Included Groups</th><th>Excluded Groups</th></tr><tr><th colspan="7">Suite</th></tr><tr><td><a href="#t0">Test1</a></td><td class="num">0</td><td class="num attn">3</td><td class="num">0</td><td class="num">47</td><td></td><td></td></tr><tr class="stripe"><td><a href="#t1">Test2</a></td><td class="num">0</td><td class="num">0</td><td class="num attn">3</td><td class="num">2,091,012</td><td></td><td></td></tr><tr><th>Total</th><th class="num">0</th><th class="num attn">3</th><th class="num attn">3</th><th class="num">2,091,059</th><th colspan="2"></th></tr></table><table><thead><tr><th>Class</th><th>Method</th><th>Start</th><th>Time (ms)</th></tr></thead><tbody><tr><th colspan="4">Suite</th></tr></tbody><tbody id="t0"><tr><th colspan="4">Test1 &#8212; failed (configuration methods)</th></tr><tr class="failedeven"><td rowspan="1">com.pagelibrary.com.ranford.TestExecution</td><td><a href="#m0">functiontoreport</a></td><td rowspan="1">1552796916077</td><td rowspan="1">0</td></tr><tr><th colspan="4">Test1 &#8212; skipped (configuration methods)</th></tr><tr class="skippedeven"><td rowspan="2">com.pagelibrary.com.ranford.TestExecution</td><td><a href="#m1">functiontoreport</a></td><td rowspan="2">1552796916108</td><td rowspan="2">0</td></tr><tr class="skippedeven"><td><a href="#m2">functiontoreport</a></td></tr><tr><th colspan="4">Test1 &#8212; skipped</th></tr><tr class="skippedeven"><td rowspan="3">com.pagelibrary.com.ranford.TestExecution</td><td><a href="#m3">verify_lauch</a></td><td rowspan="1">1552796916093</td><td rowspan="1">0</td></tr><tr class="skippedeven"><td><a href="#m4">verify_login</a></td><td rowspan="1">1552796916093</td><td rowspan="1">15</td></tr><tr class="skippedeven"><td><a href="#m5">verify_newbranch</a></td><td rowspan="1">1552796916108</td><td rowspan="1">0</td></tr></tbody><tbody id="t1"><tr><th colspan="4">Test2 &#8212; failed</th></tr><tr class="failedeven"><td rowspan="3">com.pagelibrary.com.ranford.TestExecution</td><td><a href="#m6">verify_lauch</a></td><td rowspan="1">1552796916140</td><td rowspan="1">2090410</td></tr><tr class="failedeven"><td><a href="#m7">verify_login</a></td><td rowspan="1">1552799006559</td><td rowspan="1">10</td></tr><tr class="failedeven"><td><a href="#m8">verify_newbranch</a></td><td rowspan="1">1552799006572</td><td rowspan="1">577</td></tr></tbody></table><h2>Test1</h2><h3 id="m0">com.pagelibrary.com.ranford.TestExecution#functiontoreport</h3><table class="result"><tr class="param"><th>Parameter #1</th></tr><tr class="param stripe"><td>public void com.pagelibrary.com.ranford.TestExecution.verify_lauch(java.lang.String)</td></tr><tr><th>Exception</th></tr><tr><td><div class="stacktrace">java.lang.NullPointerException
	at com.pagelibrary.com.ranford.Repository.functiontoreport(Repository.java:37)
... Removed 26 stack frames</div></td></tr></table><p class="totop"><a href="#summary">back to summary</a></p><h3 id="m1">com.pagelibrary.com.ranford.TestExecution#functiontoreport</h3><table class="result"></table><p class="totop"><a href="#summary">back to summary</a></p><h3 id="m2">com.pagelibrary.com.ranford.TestExecution#functiontoreport</h3><table class="result"></table><p class="totop"><a href="#summary">back to summary</a></p><h3 id="m3">com.pagelibrary.com.ranford.TestExecution#verify_lauch</h3><table class="result"><tr class="param"><th>Parameter #1</th></tr><tr class="param stripe"><td>chrome</td></tr></table><p class="totop"><a href="#summary">back to summary</a></p><h3 id="m4">com.pagelibrary.com.ranford.TestExecution#verify_login</h3><table class="result"></table><p class="totop"><a href="#summary">back to summary</a></p><h3 id="m5">com.pagelibrary.com.ranford.TestExecution#verify_newbranch</h3><table class="result"></table><p class="totop"><a href="#summary">back to summary</a></p><h2>Test2</h2><h3 id="m6">com.pagelibrary.com.ranford.TestExecution#verify_lauch</h3><table class="result"><tr class="param"><th>Parameter #1</th></tr><tr class="param stripe"><td>firefox</td></tr><tr><th>Exception</th></tr><tr><td><div class="stacktrace">org.openqa.selenium.WebDriverException: java.nio.file.AccessDeniedException: C:\Users\ROCKST~1\AppData\Local\Temp\new-session899243753332677544.json
Build info: version: &apos;3.5.3&apos;, revision: &apos;a88d25fe6b&apos;, time: &apos;2017-08-29T12:42:44.417Z&apos;
System info: host: &apos;RAVI&apos;, ip: &apos;192.168.43.31&apos;, os.name: &apos;Windows 8&apos;, os.arch: &apos;amd64&apos;, os.version: &apos;6.2&apos;, java.version: &apos;1.8.0_151&apos;
Driver info: driver.version: FirefoxDriver
	at org.openqa.selenium.remote.service.DriverCommandExecutor.execute(DriverCommandExecutor.java:91)
	at org.openqa.selenium.remote.RemoteWebDriver.execute(RemoteWebDriver.java:646)
	at org.openqa.selenium.remote.RemoteWebDriver.startSession(RemoteWebDriver.java:255)
	at org.openqa.selenium.remote.RemoteWebDriver.startSession(RemoteWebDriver.java:237)
	at org.openqa.selenium.remote.RemoteWebDriver.&lt;init&gt;(RemoteWebDriver.java:138)
	at org.openqa.selenium.firefox.FirefoxDriver.&lt;init&gt;(FirefoxDriver.java:191)
	at org.openqa.selenium.firefox.FirefoxDriver.&lt;init&gt;(FirefoxDriver.java:103)
	at org.openqa.selenium.firefox.FirefoxDriver.&lt;init&gt;(FirefoxDriver.java:99)
	at com.pagelibrary.com.ranford.Repository.launch(Repository.java:210)
	at com.pagelibrary.com.ranford.TestExecution.verify_lauch(TestExecution.java:23)
Caused by: java.nio.file.AccessDeniedException: C:\Users\ROCKST~1\AppData\Local\Temp\new-session899243753332677544.json
	at sun.nio.fs.WindowsException.translateToIOException(Unknown Source)
	at sun.nio.fs.WindowsException.rethrowAsIOException(Unknown Source)
	at sun.nio.fs.WindowsException.rethrowAsIOException(Unknown Source)
	at sun.nio.fs.WindowsFileSystemProvider.implDelete(Unknown Source)
	at sun.nio.fs.AbstractFileSystemProvider.deleteIfExists(Unknown Source)
	at java.nio.file.Files.deleteIfExists(Unknown Source)
	at org.openqa.selenium.remote.ProtocolHandshake.createSession(ProtocolHandshake.java:145)
	at org.openqa.selenium.remote.HttpCommandExecutor.execute(HttpCommandExecutor.java:142)
	at org.openqa.selenium.remote.service.DriverCommandExecutor.execute(DriverCommandExecutor.java:82)
	... 33 more
... Removed 24 stack frames</div></td></tr></table><p class="totop"><a href="#summary">back to summary</a></p><h3 id="m7">com.pagelibrary.com.ranford.TestExecution#verify_login</h3><table class="result"><tr><th>Exception</th></tr><tr><td><div class="stacktrace">java.lang.NullPointerException
	at com.pagelibrary.com.ranford.LoginPage.username_editbox(LoginPage.java:12)
	at com.pagelibrary.com.ranford.Repository.login(Repository.java:47)
	at com.pagelibrary.com.ranford.TestExecution.verify_login(TestExecution.java:34)
... Removed 24 stack frames</div></td></tr></table><p class="totop"><a href="#summary">back to summary</a></p><h3 id="m8">com.pagelibrary.com.ranford.TestExecution#verify_newbranch</h3><table class="result"><tr><th>Exception</th></tr><tr><td><div class="stacktrace">java.lang.NullPointerException
	at com.pagelibrary.com.ranford.Admin.branches(Admin.java:11)
	at com.pagelibrary.com.ranford.Repository.newbranch(Repository.java:116)
	at com.pagelibrary.com.ranford.TestExecution.verify_newbranch(TestExecution.java:77)
... Removed 24 stack frames</div></td></tr></table><p class="totop"><a href="#summary">back to summary</a></p></body></html>