<?xml version="1.0" encoding="UTF-8"?>
<!-- Generated by org.testng.reporters.JUnitXMLReporter -->
<testsuite hostname="Ravi" name="Test2" tests="3" failures="3" timestamp="17 Mar 2019 05:03:27 GMT" time="2091.012" errors="0">
  <testcase name="verify_lauch" time="2090.41" classname="com.pagelibrary.com.ranford.TestExecution">
    <failure type="org.openqa.selenium.WebDriverException" message="java.nio.file.AccessDeniedException: C:\Users\ROCKST~1\AppData\Local\Temp\new-session899243753332677544.json
Build info: version: &amp;apos;3.5.3&amp;apos;, revision: &amp;apos;a88d25fe6b&amp;apos;, time: &amp;apos;2017-08-29T12:42:44.417Z&amp;apos;
System info: host: &amp;apos;RAVI&amp;apos;, ip: &amp;apos;192.168.43.31&amp;apos;, os.name: &amp;apos;Windows 8&amp;apos;, os.arch: &amp;apos;amd64&amp;apos;, os.version: &amp;apos;6.2&amp;apos;, java.version: &amp;apos;1.8.0_151&amp;apos;
Driver info: driver.version: FirefoxDriver">
      <![CDATA[org.openqa.selenium.WebDriverException: java.nio.file.AccessDeniedException: C:\Users\ROCKST~1\AppData\Local\Temp\new-session899243753332677544.json
Build info: version: '3.5.3', revision: 'a88d25fe6b', time: '2017-08-29T12:42:44.417Z'
System info: host: 'RAVI', ip: '192.168.43.31', os.name: 'Windows 8', os.arch: 'amd64', os.version: '6.2', java.version: '1.8.0_151'
Driver info: driver.version: FirefoxDriver
	at org.openqa.selenium.remote.service.DriverCommandExecutor.execute(DriverCommandExecutor.java:91)
	at org.openqa.selenium.remote.RemoteWebDriver.execute(RemoteWebDriver.java:646)
	at org.openqa.selenium.remote.RemoteWebDriver.startSession(RemoteWebDriver.java:255)
	at org.openqa.selenium.remote.RemoteWebDriver.startSession(RemoteWebDriver.java:237)
	at org.openqa.selenium.remote.RemoteWebDriver.<init>(RemoteWebDriver.java:138)
	at org.openqa.selenium.firefox.FirefoxDriver.<init>(FirefoxDriver.java:191)
	at org.openqa.selenium.firefox.FirefoxDriver.<init>(FirefoxDriver.java:103)
	at org.openqa.selenium.firefox.FirefoxDriver.<init>(FirefoxDriver.java:99)
	at com.pagelibrary.com.ranford.Repository.launch(Repository.java:210)
	at com.pagelibrary.com.ranford.TestExecution.verify_lauch(TestExecution.java:23)
Caused by: java.nio.file.AccessDeniedException: C:\Users\ROCKST~1\AppData\Local\Temp\new-session899243753332677544.json
	at sun.nio.fs.WindowsException.translateToIOException(Unknown Source)
	at sun.nio.fs.WindowsException.rethrowAsIOException(Unknown Source)
	at sun.nio.fs.WindowsException.rethrowAsIOException(Unknown Source)
	at sun.nio.fs.WindowsFileSystemProvider.implDelete(Unknown Source)
	at sun.nio.fs.AbstractFileSystemProvider.deleteIfExists(Unknown Source)
	at java.nio.file.Files.deleteIfExists(Unknown Source)
	at org.openqa.selenium.remote.ProtocolHandshake.createSession(ProtocolHandshake.java:145)
	at org.openqa.selenium.remote.HttpCommandExecutor.execute(HttpCommandExecutor.java:142)
	at org.openqa.selenium.remote.service.DriverCommandExecutor.execute(DriverCommandExecutor.java:82)
	... 33 more
... Removed 24 stack frames]]>
    </failure>
  </testcase> <!-- verify_lauch -->
  <testcase name="verify_login" time="0.01" classname="com.pagelibrary.com.ranford.TestExecution">
    <failure type="java.lang.NullPointerException">
      <![CDATA[java.lang.NullPointerException
	at com.pagelibrary.com.ranford.LoginPage.username_editbox(LoginPage.java:12)
	at com.pagelibrary.com.ranford.Repository.login(Repository.java:47)
	at com.pagelibrary.com.ranford.TestExecution.verify_login(TestExecution.java:34)
... Removed 24 stack frames]]>
    </failure>
  </testcase> <!-- verify_login -->
  <testcase name="verify_newbranch" time="0.577" classname="com.pagelibrary.com.ranford.TestExecution">
    <failure type="java.lang.NullPointerException">
      <![CDATA[java.lang.NullPointerException
	at com.pagelibrary.com.ranford.Admin.branches(Admin.java:11)
	at com.pagelibrary.com.ranford.Repository.newbranch(Repository.java:116)
	at com.pagelibrary.com.ranford.TestExecution.verify_newbranch(TestExecution.java:77)
... Removed 24 stack frames]]>
    </failure>
  </testcase> <!-- verify_newbranch -->
</testsuite> <!-- Test2 -->
